Arguments: 
  /Users/rmahto/.nvm/versions/node/v16.10.0/bin/node /opt/homebrew/bin/yarn install

PATH: 
  /Users/rmahto/.nvm/versions/node/v16.10.0/bin:/Users/rmahto/.yarn/bin:/Users/rmahto/.rbenv/shims:/opt/homebrew/bin:/opt/homebrew/sbin:/usr/local/bin:/usr/bin:/bin:/usr/sbin:/sbin:/usr/local/sbin:/Library/Apple/usr/bin:/Users/rmahto/.nvm/versions/node/v16.10.0/bin:/Users/rmahto/.rbenv/shims:/opt/homebrew/bin:/opt/homebrew/sbin

Yarn version: 
  1.22.19

Node version: 
  16.10.0

Platform: 
  darwin arm64

Trace: 
  Error: https://registry.yarnpkg.com/lodash%2fisequal: Request "https://registry.yarnpkg.com/lodash%2fisequal" returned a 405
      at Request.params.callback [as _callback] (/opt/homebrew/lib/node_modules/yarn/lib/cli.js:66154:18)
      at Request.self.callback (/opt/homebrew/lib/node_modules/yarn/lib/cli.js:140890:22)
      at Request.emit (node:events:390:28)
      at Request.<anonymous> (/opt/homebrew/lib/node_modules/yarn/lib/cli.js:141862:10)
      at Request.emit (node:events:390:28)
      at IncomingMessage.<anonymous> (/opt/homebrew/lib/node_modules/yarn/lib/cli.js:141784:12)
      at Object.onceWrapper (node:events:509:28)
      at IncomingMessage.emit (node:events:402:35)
      at endReadableNT (node:internal/streams/readable:1343:12)
      at processTicksAndRejections (node:internal/process/task_queues:83:21)

npm manifest: 
  {
    "name": "react-native-radio-buttons-group",
    "version": "2.3.2",
    "description": "Simple and Best. An easy to use radio buttons for react native apps.",
    "main": "./lib/index.ts",
    "scripts": {
      "test": "echo \"Error: no test specified\" && exit 1"
    },
    "repository": {
      "type": "git",
      "url": "git+https://github.com/thakurballary/react-native-radio-buttons-group.git"
    },
    "keywords": [
      "react native-radio-buttons",
      "react-native-simple-radio-buttons",
      "react-native",
      "radio-buttons",
      "radio-buttons-group",
      "react-native-radio-group",
      "react-native-component",
      "ios",
      "android",
      "form",
      "radio",
      "button"
    ],
    "author": "Thakur Ballary",
    "license": "MIT",
    "bugs": {
      "url": "https://github.com/thakurballary/react-native-radio-buttons-group/issues"
    },
    "homepage": "https://github.com/thakurballary/react-native-radio-buttons-group#readme",
    "dependencies": {
      "lodash/isequal": "4.5.0"
    },
    "devDependencies": {
      "@types/lodash/isequal": "4.5.6"
    }
  }

yarn manifest: 
  No manifest

Lockfile: 
  # THIS IS AN AUTOGENERATED FILE. DO NOT EDIT THIS FILE DIRECTLY.
  # yarn lockfile v1
  
  
  "@types/lodash.isequal@4.5.6":
    version "4.5.6"
    resolved "https://registry.yarnpkg.com/@types/lodash.isequal/-/lodash.isequal-4.5.6.tgz#ff42a1b8e20caa59a97e446a77dc57db923bc02b"
    integrity sha512-Ww4UGSe3DmtvLLJm2F16hDwEQSv7U0Rr8SujLUA2wHI2D2dm8kPu6Et+/y303LfjTIwSBKXB/YTUcAKpem/XEg==
    dependencies:
      "@types/lodash" "*"
  
  "@types/lodash@*":
    version "4.14.194"
    resolved "https://registry.yarnpkg.com/@types/lodash/-/lodash-4.14.194.tgz#b71eb6f7a0ff11bff59fc987134a093029258a76"
    integrity sha512-r22s9tAS7imvBt2lyHC9B8AGwWnXaYb1tY09oyLkXDs4vArpYJzw09nj8MLx5VfciBPGIb+ZwG0ssYnEPJxn/g==
  
  lodash.isequal@4.5.0:
    version "4.5.0"
    resolved "https://registry.yarnpkg.com/lodash.isequal/-/lodash.isequal-4.5.0.tgz#415c4478f2bcc30120c22ce10ed3226f7d3e18e0"
    integrity sha512-pDo3lu8Jhfjqls6GkMgpahsF9kCyayhgykjyLMNFTKWrpVdAQtYyB4muAMWozBB4ig/dtWAmsMxLEI8wuz+DYQ==
